<html>
<head>
<title>TestNG:  Default test</title>
<link href="../testng.css" rel="stylesheet" type="text/css" />
<link href="../my-testng.css" rel="stylesheet" type="text/css" />

<style type="text/css">
.log { display: none;} 
.stack-trace { display: none;} 
</style>
<script type="text/javascript">
<!--
function flip(e) {
  current = e.style.display;
  if (current == 'block') {
    e.style.display = 'none';
    return 0;
  }
  else {
    e.style.display = 'block';
    return 1;
  }
}

function toggleBox(szDivId, elem, msg1, msg2)
{
  var res = -1;  if (document.getElementById) {
    res = flip(document.getElementById(szDivId));
  }
  else if (document.all) {
    // this is the way old msie versions work
    res = flip(document.all[szDivId]);
  }
  if(elem) {
    if(res == 0) elem.innerHTML = msg1; else elem.innerHTML = msg2;
  }

}

function toggleAllBoxes() {
  if (document.getElementsByTagName) {
    d = document.getElementsByTagName('div');
    for (i = 0; i < d.length; i++) {
      if (d[i].className == 'log') {
        flip(d[i]);
      }
    }
  }
}

// -->
</script>

</head>
<body>
<h2 align='center'>Default test</h2><table border='1' align="center">
<tr>
<td>Tests passed/Failed/Skipped:</td><td>13/1/0</td>
</tr><tr>
<td>Started on:</td><td>Mon Feb 05 16:49:00 EST 2024</td>
</tr>
<tr><td>Total time:</td><td>64 seconds (64755 ms)</td>
</tr><tr>
<td>Included groups:</td><td></td>
</tr><tr>
<td>Excluded groups:</td><td></td>
</tr>
</table><p/>
<small><i>(Hover the method name to see the test class name)</i></small><p/>
<table width='100%' border='1' class='invocation-failed'>
<tr><td colspan='4' align='center'><b>FAILED TESTS</b></td></tr>
<tr><td><b>Test method</b></td>
<td><b>Attribute(s)</b></td>
<td width="30%"><b>Exception</b></td>
<td width="10%"><b>Time (seconds)</b></td>
<td><b>Instance</b></td>
</tr>
<tr>
<td title='com.qa.opencart.tests.AccountPageTest.searchProductTest()'><b>searchProductTest</b><br>Test class: com.qa.opencart.tests.AccountPageTest<br>Parameters: macbook, Macbook Pro</td>
<td><div><pre>org.openqa.selenium.TimeoutException: Expected condition failed: waiting for visibility of element located by By.linkText: Macbook Pro (tried for 5 second(s) with 500 milliseconds interval)
Build info: version: &apos;4.16.1&apos;, revision: &apos;9b4c83354e&apos;
System info: os.name: &apos;Mac OS X&apos;, os.arch: &apos;x86_64&apos;, os.version: &apos;14.2.1&apos;, java.version: &apos;17.0.1&apos;
Driver info: org.openqa.selenium.chrome.ChromeDriver
Capabilities {acceptInsecureCerts: false, browserName: chrome, browserVersion: 121.0.6167.139, chrome: {chromedriverVersion: 121.0.6167.85 (3f98d690ad7e..., userDataDir: /var/folders/z8/zwj_3w1x691...}, fedcm:accounts: true, goog:chromeOptions: {debuggerAddress: localhost:55477}, networkConnectionEnabled: false, pageLoadStrategy: normal, platformName: mac, proxy: Proxy(), se:cdp: ws://localhost:55477/devtoo..., se:cdpVersion: 121.0.6167.139, setWindowRect: true, strictFileInteractability: false, timeouts: {implicit: 0, pageLoad: 300000, script: 30000}, unhandledPromptBehavior: dismiss and notify, webauthn:extension:credBlob: true, webauthn:extension:largeBlob: true, webauthn:extension:minPinLength: true, webauthn:extension:prf: true, webauthn:virtualAuthenticators: true}
Session ID: 0d84eaf888e0db3ba4f382e6ee80a2ae
	at org.openqa.selenium.support.ui.WebDriverWait.timeoutException(WebDriverWait.java:84)
	at org.openqa.selenium.support.ui.FluentWait.until(FluentWait.java:229)
	at com.wa.opencart.utils.ElementUtil.waitForElementVisibility(ElementUtil.java:162)
	at com.qa.opencart.pages.SearchPage.selectProduct(SearchPage.java:27)
	at com.qa.opencart.tests.AccountPageTest.searchProductTest(AccountPageTest.java:82)
	at java.base/jdk.internal.reflect.NativeMethodAccessorImpl.invoke0(Native Method)
	at java.base/jdk.internal.reflect.NativeMethodAccessorImpl.invoke(NativeMethodAccessorImpl.java:77)
	at java.base/jdk.internal.reflect.DelegatingMethodAccessorImpl.invoke(DelegatingMethodAccessorImpl.java:43)
	at java.base/java.lang.reflect.Method.invoke(Method.java:568)
	at org.testng.internal.invokers.MethodInvocationHelper.invokeMethod(MethodInvocationHelper.java:139)
	at org.testng.internal.invokers.TestInvoker.invokeMethod(TestInvoker.java:664)
	at org.testng.internal.invokers.TestInvoker.invokeTestMethod(TestInvoker.java:227)
	at org.testng.internal.invokers.MethodRunner.runInSequence(MethodRunner.java:50)
	at org.testng.internal.invokers.TestInvoker$MethodInvocationAgent.invoke(TestInvoker.java:957)
	at org.testng.internal.invokers.TestInvoker.invokeTestMethods(TestInvoker.java:200)
	at org.testng.internal.invokers.TestMethodWorker.invokeTestMethods(TestMethodWorker.java:148)
	at org.testng.internal.invokers.TestMethodWorker.run(TestMethodWorker.java:128)
	at java.base/java.util.ArrayList.forEach(ArrayList.java:1511)
	at org.testng.TestRunner.privateRun(TestRunner.java:848)
	at org.testng.TestRunner.run(TestRunner.java:621)
	at org.testng.SuiteRunner.runTest(SuiteRunner.java:443)
	at org.testng.SuiteRunner.runSequentially(SuiteRunner.java:437)
	at org.testng.SuiteRunner.privateRun(SuiteRunner.java:397)
	at org.testng.SuiteRunner.run(SuiteRunner.java:336)
	at org.testng.SuiteRunnerWorker.runSuite(SuiteRunnerWorker.java:52)
	at org.testng.SuiteRunnerWorker.run(SuiteRunnerWorker.java:95)
	at org.testng.TestNG.runSuitesSequentially(TestNG.java:1280)
	at org.testng.TestNG.runSuitesLocally(TestNG.java:1200)
	at org.testng.TestNG.runSuites(TestNG.java:1114)
	at org.testng.TestNG.run(TestNG.java:1082)
	at org.testng.remote.AbstractRemoteTestNG.run(AbstractRemoteTestNG.java:115)
	at org.testng.remote.RemoteTestNG.initAndRun(RemoteTestNG.java:251)
	at org.testng.remote.RemoteTestNG.main(RemoteTestNG.java:77)
</pre></div><a href='#' onClick='toggleBox("stack-trace1044174590", this, "Click to show all stack frames", "Click to hide stack frames")'>Click to show all stack frames</a>
<div class='stack-trace' id='stack-trace1044174590'><pre>org.openqa.selenium.TimeoutException: Expected condition failed: waiting for visibility of element located by By.linkText: Macbook Pro (tried for 5 second(s) with 500 milliseconds interval)
Build info: version: &apos;4.16.1&apos;, revision: &apos;9b4c83354e&apos;
System info: os.name: &apos;Mac OS X&apos;, os.arch: &apos;x86_64&apos;, os.version: &apos;14.2.1&apos;, java.version: &apos;17.0.1&apos;
Driver info: org.openqa.selenium.chrome.ChromeDriver
Capabilities {acceptInsecureCerts: false, browserName: chrome, browserVersion: 121.0.6167.139, chrome: {chromedriverVersion: 121.0.6167.85 (3f98d690ad7e..., userDataDir: /var/folders/z8/zwj_3w1x691...}, fedcm:accounts: true, goog:chromeOptions: {debuggerAddress: localhost:55477}, networkConnectionEnabled: false, pageLoadStrategy: normal, platformName: mac, proxy: Proxy(), se:cdp: ws://localhost:55477/devtoo..., se:cdpVersion: 121.0.6167.139, setWindowRect: true, strictFileInteractability: false, timeouts: {implicit: 0, pageLoad: 300000, script: 30000}, unhandledPromptBehavior: dismiss and notify, webauthn:extension:credBlob: true, webauthn:extension:largeBlob: true, webauthn:extension:minPinLength: true, webauthn:extension:prf: true, webauthn:virtualAuthenticators: true}
Session ID: 0d84eaf888e0db3ba4f382e6ee80a2ae
	at org.openqa.selenium.support.ui.WebDriverWait.timeoutException(WebDriverWait.java:84)
	at org.openqa.selenium.support.ui.FluentWait.until(FluentWait.java:229)
	at com.wa.opencart.utils.ElementUtil.waitForElementVisibility(ElementUtil.java:162)
	at com.qa.opencart.pages.SearchPage.selectProduct(SearchPage.java:27)
	at com.qa.opencart.tests.AccountPageTest.searchProductTest(AccountPageTest.java:82)
	at java.base/jdk.internal.reflect.NativeMethodAccessorImpl.invoke0(Native Method)
	at java.base/jdk.internal.reflect.NativeMethodAccessorImpl.invoke(NativeMethodAccessorImpl.java:77)
	at java.base/jdk.internal.reflect.DelegatingMethodAccessorImpl.invoke(DelegatingMethodAccessorImpl.java:43)
	at java.base/java.lang.reflect.Method.invoke(Method.java:568)
	at org.testng.internal.invokers.MethodInvocationHelper.invokeMethod(MethodInvocationHelper.java:139)
	at org.testng.internal.invokers.TestInvoker.invokeMethod(TestInvoker.java:664)
	at org.testng.internal.invokers.TestInvoker.invokeTestMethod(TestInvoker.java:227)
	at org.testng.internal.invokers.MethodRunner.runInSequence(MethodRunner.java:50)
	at org.testng.internal.invokers.TestInvoker$MethodInvocationAgent.invoke(TestInvoker.java:957)
	at org.testng.internal.invokers.TestInvoker.invokeTestMethods(TestInvoker.java:200)
	at org.testng.internal.invokers.TestMethodWorker.invokeTestMethods(TestMethodWorker.java:148)
	at org.testng.internal.invokers.TestMethodWorker.run(TestMethodWorker.java:128)
	at java.base/java.util.ArrayList.forEach(ArrayList.java:1511)
	at org.testng.TestRunner.privateRun(TestRunner.java:848)
	at org.testng.TestRunner.run(TestRunner.java:621)
	at org.testng.SuiteRunner.runTest(SuiteRunner.java:443)
	at org.testng.SuiteRunner.runSequentially(SuiteRunner.java:437)
	at org.testng.SuiteRunner.privateRun(SuiteRunner.java:397)
	at org.testng.SuiteRunner.run(SuiteRunner.java:336)
	at org.testng.SuiteRunnerWorker.runSuite(SuiteRunnerWorker.java:52)
	at org.testng.SuiteRunnerWorker.run(SuiteRunnerWorker.java:95)
	at org.testng.TestNG.runSuitesSequentially(TestNG.java:1280)
	at org.testng.TestNG.runSuitesLocally(TestNG.java:1200)
	at org.testng.TestNG.runSuites(TestNG.java:1114)
	at org.testng.TestNG.run(TestNG.java:1082)
	at org.testng.remote.AbstractRemoteTestNG.run(AbstractRemoteTestNG.java:115)
	at org.testng.remote.RemoteTestNG.initAndRun(RemoteTestNG.java:251)
	at org.testng.remote.RemoteTestNG.main(RemoteTestNG.java:77)
</pre></div></td>
<td>7</td>
<td>com.qa.opencart.tests.AccountPageTest@3d51f06e</td></tr>
</table><p>
<table width='100%' border='1' class='invocation-passed'>
<tr><td colspan='4' align='center'><b>PASSED TESTS</b></td></tr>
<tr><td><b>Test method</b></td>
<td><b>Attribute(s)</b></td>
<td width="30%"><b>Exception</b></td>
<td width="10%"><b>Time (seconds)</b></td>
<td><b>Instance</b></td>
</tr>
<tr>
<td title='com.qa.opencart.tests.AccountPageTest.searchProductCountTest()'><b>searchProductCountTest</b><br>Test class: com.qa.opencart.tests.AccountPageTest<br>Parameters: imac</td>
<td></td>
<td>4</td>
<td>com.qa.opencart.tests.AccountPageTest@3d51f06e</td></tr>
<tr>
<td title='com.qa.opencart.tests.AccountPageTest.accPageTitleTest()'><b>accPageTitleTest</b><br>Test class: com.qa.opencart.tests.AccountPageTest</td>
<td></td>
<td>0</td>
<td>com.qa.opencart.tests.AccountPageTest@3d51f06e</td></tr>
<tr>
<td title='com.qa.opencart.tests.AccountPageTest.searchProductTest()'><b>searchProductTest</b><br>Test class: com.qa.opencart.tests.AccountPageTest<br>Parameters: apple, Apple Cinema 30"</td>
<td></td>
<td>11</td>
<td>com.qa.opencart.tests.AccountPageTest@3d51f06e</td></tr>
<tr>
<td title='com.qa.opencart.tests.AccountPageTest.accPageURLTest()'><b>accPageURLTest</b><br>Test class: com.qa.opencart.tests.AccountPageTest</td>
<td></td>
<td>0</td>
<td>com.qa.opencart.tests.AccountPageTest@3d51f06e</td></tr>
<tr>
<td title='com.qa.opencart.tests.AccountPageTest.searchProductTest()'><b>searchProductTest</b><br>Test class: com.qa.opencart.tests.AccountPageTest<br>Parameters: samsung, Samsung SyncMaster 941BW</td>
<td></td>
<td>5</td>
<td>com.qa.opencart.tests.AccountPageTest@3d51f06e</td></tr>
<tr>
<td title='com.qa.opencart.tests.AccountPageTest.accPageTitleSearchTest()'><b>accPageTitleSearchTest</b><br>Test class: com.qa.opencart.tests.AccountPageTest</td>
<td></td>
<td>0</td>
<td>com.qa.opencart.tests.AccountPageTest@3d51f06e</td></tr>
<tr>
<td title='com.qa.opencart.tests.AccountPageTest.getAccountPageHeadersListTest()'><b>getAccountPageHeadersListTest</b><br>Test class: com.qa.opencart.tests.AccountPageTest</td>
<td></td>
<td>0</td>
<td>com.qa.opencart.tests.AccountPageTest@3d51f06e</td></tr>
<tr>
<td title='com.qa.opencart.tests.AccountPageTest.accPageLogoutLinkTest()'><b>accPageLogoutLinkTest</b><br>Test class: com.qa.opencart.tests.AccountPageTest</td>
<td></td>
<td>0</td>
<td>com.qa.opencart.tests.AccountPageTest@3d51f06e</td></tr>
<tr>
<td title='com.qa.opencart.tests.AccountPageTest.searchProductCountTest()'><b>searchProductCountTest</b><br>Test class: com.qa.opencart.tests.AccountPageTest<br>Parameters: samsung</td>
<td></td>
<td>2</td>
<td>com.qa.opencart.tests.AccountPageTest@3d51f06e</td></tr>
<tr>
<td title='com.qa.opencart.tests.AccountPageTest.searchProductCountTest()'><b>searchProductCountTest</b><br>Test class: com.qa.opencart.tests.AccountPageTest<br>Parameters: apple</td>
<td></td>
<td>2</td>
<td>com.qa.opencart.tests.AccountPageTest@3d51f06e</td></tr>
<tr>
<td title='com.qa.opencart.tests.AccountPageTest.searchProductCountTest()'><b>searchProductCountTest</b><br>Test class: com.qa.opencart.tests.AccountPageTest<br>Parameters: macbook</td>
<td></td>
<td>4</td>
<td>com.qa.opencart.tests.AccountPageTest@3d51f06e</td></tr>
<tr>
<td title='com.qa.opencart.tests.AccountPageTest.searchProductTest()'><b>searchProductTest</b><br>Test class: com.qa.opencart.tests.AccountPageTest<br>Parameters: imac, iMac</td>
<td></td>
<td>7</td>
<td>com.qa.opencart.tests.AccountPageTest@3d51f06e</td></tr>
<tr>
<td title='com.qa.opencart.tests.AccountPageTest.getAccountPageHeadersValueTest()'><b>getAccountPageHeadersValueTest</b><br>Test class: com.qa.opencart.tests.AccountPageTest</td>
<td></td>
<td>0</td>
<td>com.qa.opencart.tests.AccountPageTest@3d51f06e</td></tr>
</table><p>
</body>
</html>